<?xml version="1.0" encoding="UTF-8"?>
<!-- Generated by org.testng.reporters.JUnitXMLReporter -->
<testsuite ignored="0" hostname="MANDEEP" failures="0" tests="6" name="Default test" time="3.472" errors="0" timestamp="2026-01-12T09:20:00 IST">
  <testcase classname="rest.EcommerceAPITest" name="login" time="2.488"/>
  <testcase classname="rest.EcommerceAPITest" name="createProduct" time="0.331"/>
  <testcase classname="rest.EcommerceAPITest" name="createOrder" time="0.182"/>
  <testcase classname="rest.EcommerceAPITest" name="deleteProduct" time="0.152"/>
  <testcase classname="rest.EcommerceAPITest" name="viewOrderPlaceDetails" time="0.124"/>
  <testcase classname="rest.EcommerceAPITest" name="deleteOrder" time="0.129"/>
</testsuite> <!-- Default test -->
