<?xml version="1.0" encoding="UTF-8"?>
<testng-results ignored="0" total="2" passed="2" failed="0" skipped="0">
  <reporter-output>
  </reporter-output>
  <suite started-at="2026-01-04T11:35:11 IST" name="Default suite" finished-at="2026-01-04T11:35:14 IST" duration-ms="3110">
    <groups>
    </groups>
    <test started-at="2026-01-04T11:35:11 IST" name="Default test" finished-at="2026-01-04T11:35:14 IST" duration-ms="3110">
      <class name="oAuth.OAuthTest">
        <test-method signature="getAccessToken()[pri:0, instance:oAuth.OAuthTest@d9345cd]" started-at="2026-01-04T11:35:11 IST" name="getAccessToken" finished-at="2026-01-04T11:35:13 IST" duration-ms="2781" status="PASS">
          <reporter-output>
          </reporter-output>
        </test-method> <!-- getAccessToken -->
        <test-method signature="getCourseDetails()[pri:0, instance:oAuth.OAuthTest@d9345cd]" started-at="2026-01-04T11:35:13 IST" name="getCourseDetails" finished-at="2026-01-04T11:35:14 IST" depends-on-methods="oAuth.OAuthTest.getAccessToken" duration-ms="278" status="PASS">
          <reporter-output>
          </reporter-output>
        </test-method> <!-- getCourseDetails -->
      </class> <!-- oAuth.OAuthTest -->
    </test> <!-- Default test -->
  </suite> <!-- Default suite -->
</testng-results>
