<?xml version="1.0" encoding="UTF-8"?>
<!-- Generated by org.testng.reporters.JUnitReportReporter -->
<testsuite hostname="MANDEEP" failures="0" tests="3" name="rest.DynamicJson" time="3.962" errors="0" timestamp="2025-12-28T17:53:16 IST" skipped="0">
  <testcase classname="rest.DynamicJson" name="addBook" time="2.554"/>
  <testcase classname="rest.DynamicJson" name="addBook" time="0.652"/>
  <testcase classname="rest.DynamicJson" name="addBook" time="0.756"/>
</testsuite> <!-- rest.DynamicJson -->
